<?xml version="1.0" encoding="UTF-8"?>
<testsuite name="com.kry.janostest.pollingService.TestMainVerticle" tests="1" skipped="0" failures="0" errors="0" timestamp="2021-03-20T17:44:46" hostname="Janoss-MBP" time="0.209">
  <properties/>
  <testcase name="verticle_deployed(Vertx, VertxTestContext)" classname="com.kry.janostest.pollingService.TestMainVerticle" time="0.209"/>
  <system-out><![CDATA[Kry, Livi code test service has started.
testsss
afterssss
]]></system-out>
  <system-err><![CDATA[]]></system-err>
</testsuite>
